2022-12-29 23:54:38 ERROR Utilities:75 - [TestID:NotSet]org.openqa.selenium.ElementClickInterceptedException: element click intercepted: Element <div class="btn btn-login-register" data-toggle="modal" data-target="#loginModal">...</div> is not clickable at point (1168, 40). Other element would receive the click: <div class="modal fade modal-customer show" id="loginModal" tabindex="-1" role="dialog" aria-labelledby="loginModalLabel" aria-modal="true" style="padding-right: 15px; display: block;">...</div>
  (Session info: chrome=107.0.5304.121)
Build info: version: '3.141.59', revision: 'e82be7d358', time: '2018-11-14T08:25:48'
System info: host: 'hoang-ngoc-anh', ip: '127.0.1.1', os.name: 'Linux', os.arch: 'amd64', os.version: '5.15.0-56-generic', java.version: '17.0.4.1'
Driver info: org.openqa.selenium.chrome.ChromeDriver
Capabilities {acceptInsecureCerts: false, browserName: chrome, browserVersion: 107.0.5304.121, chrome: {chromedriverVersion: 107.0.5304.62 (1eec40d3a576..., userDataDir: /tmp/.com.google.Chrome.ENyyi3}, goog:chromeOptions: {debuggerAddress: localhost:38587}, javascriptEnabled: true, networkConnectionEnabled: false, pageLoadStrategy: normal, platform: LINUX, platformName: LINUX, proxy: Proxy(), setWindowRect: true, strictFileInteractability: false, timeouts: {implicit: 0, pageLoad: 300000, script: 30000}, unhandledPromptBehavior: dismiss and notify, webauthn:extension:credBlob: true, webauthn:extension:largeBlob: true, webauthn:virtualAuthenticators: true}
Session ID: 1e84136f51e3248cab74fc58297e8240
2022-12-29 23:54:39 ERROR Utilities:75 - [TestID:NotSet]org.openqa.selenium.ElementClickInterceptedException: element click intercepted: Element <div class="btn btn-login-register" data-toggle="modal" data-target="#loginModal">...</div> is not clickable at point (1168, 40). Other element would receive the click: <div class="modal fade modal-customer show" id="loginModal" tabindex="-1" role="dialog" aria-labelledby="loginModalLabel" aria-modal="true" style="padding-right: 15px; display: block;">...</div>
  (Session info: chrome=107.0.5304.121)
Build info: version: '3.141.59', revision: 'e82be7d358', time: '2018-11-14T08:25:48'
System info: host: 'hoang-ngoc-anh', ip: '127.0.1.1', os.name: 'Linux', os.arch: 'amd64', os.version: '5.15.0-56-generic', java.version: '17.0.4.1'
Driver info: org.openqa.selenium.chrome.ChromeDriver
Capabilities {acceptInsecureCerts: false, browserName: chrome, browserVersion: 107.0.5304.121, chrome: {chromedriverVersion: 107.0.5304.62 (1eec40d3a576..., userDataDir: /tmp/.com.google.Chrome.ENyyi3}, goog:chromeOptions: {debuggerAddress: localhost:38587}, javascriptEnabled: true, networkConnectionEnabled: false, pageLoadStrategy: normal, platform: LINUX, platformName: LINUX, proxy: Proxy(), setWindowRect: true, strictFileInteractability: false, timeouts: {implicit: 0, pageLoad: 300000, script: 30000}, unhandledPromptBehavior: dismiss and notify, webauthn:extension:credBlob: true, webauthn:extension:largeBlob: true, webauthn:virtualAuthenticators: true}
Session ID: 1e84136f51e3248cab74fc58297e8240
2022-12-29 23:54:40 ERROR Utilities:75 - [TestID:NotSet]org.openqa.selenium.ElementClickInterceptedException: element click intercepted: Element <div class="btn btn-login-register" data-toggle="modal" data-target="#loginModal">...</div> is not clickable at point (1168, 40). Other element would receive the click: <div class="modal fade modal-customer show" id="loginModal" tabindex="-1" role="dialog" aria-labelledby="loginModalLabel" aria-modal="true" style="padding-right: 15px; display: block;">...</div>
  (Session info: chrome=107.0.5304.121)
Build info: version: '3.141.59', revision: 'e82be7d358', time: '2018-11-14T08:25:48'
System info: host: 'hoang-ngoc-anh', ip: '127.0.1.1', os.name: 'Linux', os.arch: 'amd64', os.version: '5.15.0-56-generic', java.version: '17.0.4.1'
Driver info: org.openqa.selenium.chrome.ChromeDriver
Capabilities {acceptInsecureCerts: false, browserName: chrome, browserVersion: 107.0.5304.121, chrome: {chromedriverVersion: 107.0.5304.62 (1eec40d3a576..., userDataDir: /tmp/.com.google.Chrome.ENyyi3}, goog:chromeOptions: {debuggerAddress: localhost:38587}, javascriptEnabled: true, networkConnectionEnabled: false, pageLoadStrategy: normal, platform: LINUX, platformName: LINUX, proxy: Proxy(), setWindowRect: true, strictFileInteractability: false, timeouts: {implicit: 0, pageLoad: 300000, script: 30000}, unhandledPromptBehavior: dismiss and notify, webauthn:extension:credBlob: true, webauthn:extension:largeBlob: true, webauthn:virtualAuthenticators: true}
Session ID: 1e84136f51e3248cab74fc58297e8240
2022-12-29 23:54:41 ERROR Utilities:75 - [TestID:NotSet]org.openqa.selenium.ElementClickInterceptedException: element click intercepted: Element <div class="btn btn-login-register" data-toggle="modal" data-target="#loginModal">...</div> is not clickable at point (1168, 40). Other element would receive the click: <div class="swal-overlay swal-overlay--show-modal" tabindex="-1">...</div>
  (Session info: chrome=107.0.5304.121)
Build info: version: '3.141.59', revision: 'e82be7d358', time: '2018-11-14T08:25:48'
System info: host: 'hoang-ngoc-anh', ip: '127.0.1.1', os.name: 'Linux', os.arch: 'amd64', os.version: '5.15.0-56-generic', java.version: '17.0.4.1'
Driver info: org.openqa.selenium.chrome.ChromeDriver
Capabilities {acceptInsecureCerts: false, browserName: chrome, browserVersion: 107.0.5304.121, chrome: {chromedriverVersion: 107.0.5304.62 (1eec40d3a576..., userDataDir: /tmp/.com.google.Chrome.ENyyi3}, goog:chromeOptions: {debuggerAddress: localhost:38587}, javascriptEnabled: true, networkConnectionEnabled: false, pageLoadStrategy: normal, platform: LINUX, platformName: LINUX, proxy: Proxy(), setWindowRect: true, strictFileInteractability: false, timeouts: {implicit: 0, pageLoad: 300000, script: 30000}, unhandledPromptBehavior: dismiss and notify, webauthn:extension:credBlob: true, webauthn:extension:largeBlob: true, webauthn:virtualAuthenticators: true}
Session ID: 1e84136f51e3248cab74fc58297e8240
2022-12-29 23:54:43 ERROR Utilities:75 - [TestID:NotSet]org.openqa.selenium.ElementClickInterceptedException: element click intercepted: Element <button type="button" class="btn-green btn-login" onclick="login()">...</button> is not clickable at point (879, 445). Other element would receive the click: <div class="swal-overlay swal-overlay--show-modal" tabindex="-1">...</div>
  (Session info: chrome=107.0.5304.121)
Build info: version: '3.141.59', revision: 'e82be7d358', time: '2018-11-14T08:25:48'
System info: host: 'hoang-ngoc-anh', ip: '127.0.1.1', os.name: 'Linux', os.arch: 'amd64', os.version: '5.15.0-56-generic', java.version: '17.0.4.1'
Driver info: org.openqa.selenium.chrome.ChromeDriver
Capabilities {acceptInsecureCerts: false, browserName: chrome, browserVersion: 107.0.5304.121, chrome: {chromedriverVersion: 107.0.5304.62 (1eec40d3a576..., userDataDir: /tmp/.com.google.Chrome.ENyyi3}, goog:chromeOptions: {debuggerAddress: localhost:38587}, javascriptEnabled: true, networkConnectionEnabled: false, pageLoadStrategy: normal, platform: LINUX, platformName: LINUX, proxy: Proxy(), setWindowRect: true, strictFileInteractability: false, timeouts: {implicit: 0, pageLoad: 300000, script: 30000}, unhandledPromptBehavior: dismiss and notify, webauthn:extension:credBlob: true, webauthn:extension:largeBlob: true, webauthn:virtualAuthenticators: true}
Session ID: 1e84136f51e3248cab74fc58297e8240
2022-12-29 23:54:45 ERROR Utilities:75 - [TestID:NotSet]org.openqa.selenium.ElementClickInterceptedException: element click intercepted: Element <button type="button" class="btn-green btn-login" onclick="login()">...</button> is not clickable at point (879, 445). Other element would receive the click: <div class="swal-overlay swal-overlay--show-modal" tabindex="-1">...</div>
  (Session info: chrome=107.0.5304.121)
Build info: version: '3.141.59', revision: 'e82be7d358', time: '2018-11-14T08:25:48'
System info: host: 'hoang-ngoc-anh', ip: '127.0.1.1', os.name: 'Linux', os.arch: 'amd64', os.version: '5.15.0-56-generic', java.version: '17.0.4.1'
Driver info: org.openqa.selenium.chrome.ChromeDriver
Capabilities {acceptInsecureCerts: false, browserName: chrome, browserVersion: 107.0.5304.121, chrome: {chromedriverVersion: 107.0.5304.62 (1eec40d3a576..., userDataDir: /tmp/.com.google.Chrome.ENyyi3}, goog:chromeOptions: {debuggerAddress: localhost:38587}, javascriptEnabled: true, networkConnectionEnabled: false, pageLoadStrategy: normal, platform: LINUX, platformName: LINUX, proxy: Proxy(), setWindowRect: true, strictFileInteractability: false, timeouts: {implicit: 0, pageLoad: 300000, script: 30000}, unhandledPromptBehavior: dismiss and notify, webauthn:extension:credBlob: true, webauthn:extension:largeBlob: true, webauthn:virtualAuthenticators: true}
Session ID: 1e84136f51e3248cab74fc58297e8240
2022-12-29 23:54:46 ERROR Utilities:75 - [TestID:NotSet]org.openqa.selenium.ElementClickInterceptedException: element click intercepted: Element <button type="button" class="btn-green btn-login" onclick="login()">...</button> is not clickable at point (879, 445). Other element would receive the click: <div class="swal-overlay swal-overlay--show-modal" tabindex="-1">...</div>
  (Session info: chrome=107.0.5304.121)
Build info: version: '3.141.59', revision: 'e82be7d358', time: '2018-11-14T08:25:48'
System info: host: 'hoang-ngoc-anh', ip: '127.0.1.1', os.name: 'Linux', os.arch: 'amd64', os.version: '5.15.0-56-generic', java.version: '17.0.4.1'
Driver info: org.openqa.selenium.chrome.ChromeDriver
Capabilities {acceptInsecureCerts: false, browserName: chrome, browserVersion: 107.0.5304.121, chrome: {chromedriverVersion: 107.0.5304.62 (1eec40d3a576..., userDataDir: /tmp/.com.google.Chrome.ENyyi3}, goog:chromeOptions: {debuggerAddress: localhost:38587}, javascriptEnabled: true, networkConnectionEnabled: false, pageLoadStrategy: normal, platform: LINUX, platformName: LINUX, proxy: Proxy(), setWindowRect: true, strictFileInteractability: false, timeouts: {implicit: 0, pageLoad: 300000, script: 30000}, unhandledPromptBehavior: dismiss and notify, webauthn:extension:credBlob: true, webauthn:extension:largeBlob: true, webauthn:virtualAuthenticators: true}
Session ID: 1e84136f51e3248cab74fc58297e8240
2022-12-29 23:55:33 ERROR Utilities:75 - [TestID:MODULE6_07]org.openqa.selenium.TimeoutException: Expected condition failed: waiting for visibility of element located by By.xpath: //div[contains(@class,'alert-message-error')][1]//p (tried for 5 second(s) with 500 milliseconds interval)
2022-12-29 23:55:33 ERROR Utilities:75 - [TestID:MODULE6_07][TestResult name=MODULE6_07 status=FAILURE method=ChangePassword.MODULE6_07()[pri:0, instance:TestSuite.ChangePassword@3fc2959f] output={null}]
2022-12-29 23:55:34 ERROR Utilities:75 - [TestID:MODULE6_07][TestResult name=MODULE6_07 status=FAILURE method=ChangePassword.MODULE6_07()[pri:0, instance:TestSuite.ChangePassword@3fc2959f] output={null}]
2022-12-29 23:56:03 ERROR Utilities:75 - [TestID:MODULE6_10]org.openqa.selenium.TimeoutException: Expected condition failed: waiting for visibility of element located by By.xpath: //div[contains(@class,'alert-message-error')][1]//p (tried for 5 second(s) with 500 milliseconds interval)
2022-12-29 23:56:03 ERROR Utilities:75 - [TestID:MODULE6_10][TestResult name=MODULE6_10 status=FAILURE method=ChangePassword.MODULE6_10()[pri:0, instance:TestSuite.ChangePassword@3fc2959f] output={null}]
2022-12-29 23:56:04 ERROR Utilities:75 - [TestID:MODULE6_10][TestResult name=MODULE6_10 status=FAILURE method=ChangePassword.MODULE6_10()[pri:0, instance:TestSuite.ChangePassword@3fc2959f] output={null}]
2022-12-29 23:56:05 ERROR Utilities:75 - [TestID:MODULE6_11][TestResult name=MODULE6_11 status=FAILURE method=ChangePassword.MODULE6_11()[pri:0, instance:TestSuite.ChangePassword@3fc2959f] output={null}]
2022-12-29 23:56:06 ERROR Utilities:75 - [TestID:MODULE6_11][TestResult name=MODULE6_11 status=FAILURE method=ChangePassword.MODULE6_11()[pri:0, instance:TestSuite.ChangePassword@3fc2959f] output={null}]
2022-12-29 23:56:55 ERROR Utilities:75 - [TestID:MODULE6_14]org.openqa.selenium.TimeoutException: Expected condition failed: waiting for visibility of element located by By.xpath: //div[contains(@class,'alert-message-error')][2]//p (tried for 5 second(s) with 500 milliseconds interval)
2022-12-29 23:56:55 ERROR Utilities:75 - [TestID:MODULE6_14][TestResult name=MODULE6_14 status=FAILURE method=ChangePassword.MODULE6_14()[pri:0, instance:TestSuite.ChangePassword@3fc2959f] output={null}]
2022-12-29 23:56:56 ERROR Utilities:75 - [TestID:MODULE6_14][TestResult name=MODULE6_14 status=FAILURE method=ChangePassword.MODULE6_14()[pri:0, instance:TestSuite.ChangePassword@3fc2959f] output={null}]
