2022-12-30 00:49:02 ERROR Utilities:75 - [TestID:MODULE5_02]org.openqa.selenium.TimeoutException: Expected condition failed: waiting for element to be clickable: By.xpath: //div[contains(@class,'new-products-item-content')][1] (tried for 2 second(s) with 500 milliseconds interval)
2022-12-30 00:49:03 ERROR Utilities:75 - [TestID:MODULE5_02]org.openqa.selenium.NoSuchElementException: no such element: Unable to locate element: {"method":"xpath","selector":"//div[contains(@class,'new-products-item-content')][1]"}
  (Session info: chrome=107.0.5304.121)
For documentation on this error, please visit: https://www.seleniumhq.org/exceptions/no_such_element.html
Build info: version: '3.141.59', revision: 'e82be7d358', time: '2018-11-14T08:25:48'
System info: host: 'hoang-ngoc-anh', ip: '127.0.1.1', os.name: 'Linux', os.arch: 'amd64', os.version: '5.15.0-56-generic', java.version: '17.0.4.1'
Driver info: org.openqa.selenium.chrome.ChromeDriver
Capabilities {acceptInsecureCerts: false, browserName: chrome, browserVersion: 107.0.5304.121, chrome: {chromedriverVersion: 107.0.5304.62 (1eec40d3a576..., userDataDir: /tmp/.com.google.Chrome.PBMmFQ}, goog:chromeOptions: {debuggerAddress: localhost:43669}, javascriptEnabled: true, networkConnectionEnabled: false, pageLoadStrategy: normal, platform: LINUX, platformName: LINUX, proxy: Proxy(), setWindowRect: true, strictFileInteractability: false, timeouts: {implicit: 0, pageLoad: 300000, script: 30000}, unhandledPromptBehavior: dismiss and notify, webauthn:extension:credBlob: true, webauthn:extension:largeBlob: true, webauthn:virtualAuthenticators: true}
Session ID: d831db4204a9fa203dc7b608c442392a
*** Element info: {Using=xpath, value=//div[contains(@class,'new-products-item-content')][1]}
2022-12-30 00:49:04 ERROR Utilities:75 - [TestID:MODULE5_02][TestResult name=MODULE5_02 status=FAILURE method=DetailInformation.MODULE5_02()[pri:0, instance:TestSuite.DetailInformation@7586beff] output={null}]
2022-12-30 00:49:04 ERROR Utilities:75 - [TestID:MODULE5_02][TestResult name=MODULE5_02 status=FAILURE method=DetailInformation.MODULE5_02()[pri:0, instance:TestSuite.DetailInformation@7586beff] output={null}]
2022-12-30 00:49:07 ERROR Utilities:75 - [TestID:MODULE5_03]org.openqa.selenium.WebDriverException: java.net.ConnectException: Failed to connect to localhost/127.0.0.1:20637
Build info: version: '3.141.59', revision: 'e82be7d358', time: '2018-11-14T08:25:48'
System info: host: 'hoang-ngoc-anh', ip: '127.0.1.1', os.name: 'Linux', os.arch: 'amd64', os.version: '5.15.0-56-generic', java.version: '17.0.4.1'
Driver info: driver.version: RemoteWebDriver
