2022-12-30 00:22:35 ERROR Utilities:75 - [TestID:NotSet]org.openqa.selenium.ElementClickInterceptedException: element click intercepted: Element <div class="btn btn-login-register" data-toggle="modal" data-target="#loginModal">...</div> is not clickable at point (1168, 40). Other element would receive the click: <div class="modal fade modal-customer show" id="loginModal" tabindex="-1" role="dialog" aria-labelledby="loginModalLabel" aria-modal="true" style="padding-right: 15px; display: block;">...</div>
  (Session info: chrome=107.0.5304.121)
Build info: version: '3.141.59', revision: 'e82be7d358', time: '2018-11-14T08:25:48'
System info: host: 'hoang-ngoc-anh', ip: '127.0.1.1', os.name: 'Linux', os.arch: 'amd64', os.version: '5.15.0-56-generic', java.version: '17.0.4.1'
Driver info: org.openqa.selenium.chrome.ChromeDriver
Capabilities {acceptInsecureCerts: false, browserName: chrome, browserVersion: 107.0.5304.121, chrome: {chromedriverVersion: 107.0.5304.62 (1eec40d3a576..., userDataDir: /tmp/.com.google.Chrome.tRpUwE}, goog:chromeOptions: {debuggerAddress: localhost:33741}, javascriptEnabled: true, networkConnectionEnabled: false, pageLoadStrategy: normal, platform: LINUX, platformName: LINUX, proxy: Proxy(), setWindowRect: true, strictFileInteractability: false, timeouts: {implicit: 0, pageLoad: 300000, script: 30000}, unhandledPromptBehavior: dismiss and notify, webauthn:extension:credBlob: true, webauthn:extension:largeBlob: true, webauthn:virtualAuthenticators: true}
Session ID: ff5dc6446b89502a71b3022e7826d94f
2022-12-30 00:22:36 ERROR Utilities:75 - [TestID:NotSet]org.openqa.selenium.ElementClickInterceptedException: element click intercepted: Element <div class="btn btn-login-register" data-toggle="modal" data-target="#loginModal">...</div> is not clickable at point (1168, 40). Other element would receive the click: <div class="modal fade modal-customer show" id="loginModal" tabindex="-1" role="dialog" aria-labelledby="loginModalLabel" aria-modal="true" style="padding-right: 15px; display: block;">...</div>
  (Session info: chrome=107.0.5304.121)
Build info: version: '3.141.59', revision: 'e82be7d358', time: '2018-11-14T08:25:48'
System info: host: 'hoang-ngoc-anh', ip: '127.0.1.1', os.name: 'Linux', os.arch: 'amd64', os.version: '5.15.0-56-generic', java.version: '17.0.4.1'
Driver info: org.openqa.selenium.chrome.ChromeDriver
Capabilities {acceptInsecureCerts: false, browserName: chrome, browserVersion: 107.0.5304.121, chrome: {chromedriverVersion: 107.0.5304.62 (1eec40d3a576..., userDataDir: /tmp/.com.google.Chrome.tRpUwE}, goog:chromeOptions: {debuggerAddress: localhost:33741}, javascriptEnabled: true, networkConnectionEnabled: false, pageLoadStrategy: normal, platform: LINUX, platformName: LINUX, proxy: Proxy(), setWindowRect: true, strictFileInteractability: false, timeouts: {implicit: 0, pageLoad: 300000, script: 30000}, unhandledPromptBehavior: dismiss and notify, webauthn:extension:credBlob: true, webauthn:extension:largeBlob: true, webauthn:virtualAuthenticators: true}
Session ID: ff5dc6446b89502a71b3022e7826d94f
2022-12-30 00:22:37 ERROR Utilities:75 - [TestID:NotSet]org.openqa.selenium.ElementClickInterceptedException: element click intercepted: Element <div class="btn btn-login-register" data-toggle="modal" data-target="#loginModal">...</div> is not clickable at point (1168, 40). Other element would receive the click: <div class="modal fade modal-customer show" id="loginModal" tabindex="-1" role="dialog" aria-labelledby="loginModalLabel" aria-modal="true" style="padding-right: 15px; display: block;">...</div>
  (Session info: chrome=107.0.5304.121)
Build info: version: '3.141.59', revision: 'e82be7d358', time: '2018-11-14T08:25:48'
System info: host: 'hoang-ngoc-anh', ip: '127.0.1.1', os.name: 'Linux', os.arch: 'amd64', os.version: '5.15.0-56-generic', java.version: '17.0.4.1'
Driver info: org.openqa.selenium.chrome.ChromeDriver
Capabilities {acceptInsecureCerts: false, browserName: chrome, browserVersion: 107.0.5304.121, chrome: {chromedriverVersion: 107.0.5304.62 (1eec40d3a576..., userDataDir: /tmp/.com.google.Chrome.tRpUwE}, goog:chromeOptions: {debuggerAddress: localhost:33741}, javascriptEnabled: true, networkConnectionEnabled: false, pageLoadStrategy: normal, platform: LINUX, platformName: LINUX, proxy: Proxy(), setWindowRect: true, strictFileInteractability: false, timeouts: {implicit: 0, pageLoad: 300000, script: 30000}, unhandledPromptBehavior: dismiss and notify, webauthn:extension:credBlob: true, webauthn:extension:largeBlob: true, webauthn:virtualAuthenticators: true}
Session ID: ff5dc6446b89502a71b3022e7826d94f
2022-12-30 00:22:38 ERROR Utilities:75 - [TestID:NotSet]org.openqa.selenium.ElementClickInterceptedException: element click intercepted: Element <div class="btn btn-login-register" data-toggle="modal" data-target="#loginModal">...</div> is not clickable at point (1168, 40). Other element would receive the click: <div class="swal-overlay swal-overlay--show-modal" tabindex="-1">...</div>
  (Session info: chrome=107.0.5304.121)
Build info: version: '3.141.59', revision: 'e82be7d358', time: '2018-11-14T08:25:48'
System info: host: 'hoang-ngoc-anh', ip: '127.0.1.1', os.name: 'Linux', os.arch: 'amd64', os.version: '5.15.0-56-generic', java.version: '17.0.4.1'
Driver info: org.openqa.selenium.chrome.ChromeDriver
Capabilities {acceptInsecureCerts: false, browserName: chrome, browserVersion: 107.0.5304.121, chrome: {chromedriverVersion: 107.0.5304.62 (1eec40d3a576..., userDataDir: /tmp/.com.google.Chrome.tRpUwE}, goog:chromeOptions: {debuggerAddress: localhost:33741}, javascriptEnabled: true, networkConnectionEnabled: false, pageLoadStrategy: normal, platform: LINUX, platformName: LINUX, proxy: Proxy(), setWindowRect: true, strictFileInteractability: false, timeouts: {implicit: 0, pageLoad: 300000, script: 30000}, unhandledPromptBehavior: dismiss and notify, webauthn:extension:credBlob: true, webauthn:extension:largeBlob: true, webauthn:virtualAuthenticators: true}
Session ID: ff5dc6446b89502a71b3022e7826d94f
2022-12-30 00:22:57 ERROR Utilities:75 - [TestID:MODULE7_05]org.openqa.selenium.TimeoutException: Expected condition failed: waiting for visibility of element located by By.xpath: //div[contains(@class,'error-message')][3]//p (tried for 5 second(s) with 500 milliseconds interval)
2022-12-30 00:22:57 ERROR Utilities:75 - [TestID:MODULE7_05][TestResult name=MODULE7_05 status=FAILURE method=UpdateAccount.MODULE7_05()[pri:0, instance:TestSuite.UpdateAccount@1f2586d6] output={null}]
2022-12-30 00:22:57 ERROR Utilities:75 - [TestID:MODULE7_05][TestResult name=MODULE7_05 status=FAILURE method=UpdateAccount.MODULE7_05()[pri:0, instance:TestSuite.UpdateAccount@1f2586d6] output={null}]
2022-12-30 00:23:08 ERROR Utilities:75 - [TestID:MODULE7_12][TestResult name=MODULE7_12 status=FAILURE method=UpdateAccount.MODULE7_12()[pri:0, instance:TestSuite.UpdateAccount@1f2586d6] output={null}]
2022-12-30 00:23:08 ERROR Utilities:75 - [TestID:MODULE7_12][TestResult name=MODULE7_12 status=FAILURE method=UpdateAccount.MODULE7_12()[pri:0, instance:TestSuite.UpdateAccount@1f2586d6] output={null}]
