<html>
<head>
<title>TestNG:  Test1</title>
<link href="../testng.css" rel="stylesheet" type="text/css" />
<link href="../my-testng.css" rel="stylesheet" type="text/css" />

<style type="text/css">
.log { display: none;} 
.stack-trace { display: none;} 
</style>
<script type="text/javascript">
<!--
function flip(e) {
  current = e.style.display;
  if (current == 'block') {
    e.style.display = 'none';
    return 0;
  }
  else {
    e.style.display = 'block';
    return 1;
  }
}

function toggleBox(szDivId, elem, msg1, msg2)
{
  var res = -1;  if (document.getElementById) {
    res = flip(document.getElementById(szDivId));
  }
  else if (document.all) {
    // this is the way old msie versions work
    res = flip(document.all[szDivId]);
  }
  if(elem) {
    if(res == 0) elem.innerHTML = msg1; else elem.innerHTML = msg2;
  }

}

function toggleAllBoxes() {
  if (document.getElementsByTagName) {
    d = document.getElementsByTagName('div');
    for (i = 0; i < d.length; i++) {
      if (d[i].className == 'log') {
        flip(d[i]);
      }
    }
  }
}

// -->
</script>

</head>
<body>
<h2 align='center'>Test1</h2><table border='1' align="center">
<tr>
<td>Tests passed/Failed/Skipped:</td><td>4/4/0</td>
</tr><tr>
<td>Started on:</td><td>Thu Dec 29 21:29:48 ICT 2022</td>
</tr>
<tr><td>Total time:</td><td>28 seconds (28816 ms)</td>
</tr><tr>
<td>Included groups:</td><td></td>
</tr><tr>
<td>Excluded groups:</td><td></td>
</tr>
</table><p/>
<small><i>(Hover the method name to see the test class name)</i></small><p/>
<table width='100%' border='1' class='invocation-failed'>
<tr><td colspan='4' align='center'><b>FAILED TESTS</b></td></tr>
<tr><td><b>Test method</b></td>
<td width="30%"><b>Exception</b></td>
<td width="10%"><b>Time (seconds)</b></td>
<td><b>Instance</b></td>
</tr>
<tr>
<td title='TestSuite.Register.MODULE4_01()'><b>MODULE4_01</b><br>Test class: TestSuite.Register</td>
<td><div><pre>java.lang.AssertionError: Value is not correct: Expected: &quot;Vui lòng nhập email của bạn&quot;; Actual: &quot;Email không đúng định dạng!&quot;
	at Common.Utilities.assertString(Utilities.java:455)
	at Common.Utilities.assertTextValue(Utilities.java:390)
	at Common.Utilities.assertTextValueVisible(Utilities.java:402)
	at CommonScreen.HomeScreen.register(HomeScreen.java:63)
	at TestSuite.Register.MODULE4_01(Register.java:31)
... Removed 26 stack frames</pre></div><a href='#' onClick='toggleBox("stack-trace793319856", this, "Click to show all stack frames", "Click to hide stack frames")'>Click to show all stack frames</a>
<div class='stack-trace' id='stack-trace793319856'><pre>java.lang.AssertionError: Value is not correct: Expected: &quot;Vui lòng nhập email của bạn&quot;; Actual: &quot;Email không đúng định dạng!&quot;
	at org.testng.Assert.fail(Assert.java:97)
	at Common.Utilities.assertString(Utilities.java:455)
	at Common.Utilities.assertTextValue(Utilities.java:390)
	at Common.Utilities.assertTextValueVisible(Utilities.java:402)
	at CommonScreen.HomeScreen.register(HomeScreen.java:63)
	at TestSuite.Register.MODULE4_01(Register.java:31)
	at java.base/jdk.internal.reflect.NativeMethodAccessorImpl.invoke0(Native Method)
	at java.base/jdk.internal.reflect.NativeMethodAccessorImpl.invoke(NativeMethodAccessorImpl.java:77)
	at java.base/jdk.internal.reflect.DelegatingMethodAccessorImpl.invoke(DelegatingMethodAccessorImpl.java:43)
	at java.base/java.lang.reflect.Method.invoke(Method.java:568)
	at org.testng.internal.MethodInvocationHelper.invokeMethod(MethodInvocationHelper.java:131)
	at org.testng.internal.Invoker.invokeMethod(Invoker.java:687)
	at org.testng.internal.Invoker.invokeTestMethod(Invoker.java:821)
	at org.testng.internal.Invoker.invokeTestMethods(Invoker.java:1128)
	at org.testng.internal.TestMethodWorker.invokeTestMethods(TestMethodWorker.java:140)
	at org.testng.internal.TestMethodWorker.run(TestMethodWorker.java:122)
	at org.testng.TestRunner.privateRun(TestRunner.java:724)
	at org.testng.TestRunner.run(TestRunner.java:574)
	at org.testng.SuiteRunner.runTest(SuiteRunner.java:398)
	at org.testng.SuiteRunner.runSequentially(SuiteRunner.java:392)
	at org.testng.SuiteRunner.privateRun(SuiteRunner.java:354)
	at org.testng.SuiteRunner.run(SuiteRunner.java:302)
	at org.testng.SuiteRunnerWorker.runSuite(SuiteRunnerWorker.java:53)
	at org.testng.SuiteRunnerWorker.run(SuiteRunnerWorker.java:96)
	at org.testng.TestNG.runSuitesSequentially(TestNG.java:1142)
	at org.testng.TestNG.runSuitesLocally(TestNG.java:1064)
	at org.testng.TestNG.runSuites(TestNG.java:994)
	at org.testng.TestNG.run(TestNG.java:962)
	at org.testng.remote.AbstractRemoteTestNG.run(AbstractRemoteTestNG.java:115)
	at org.testng.remote.RemoteTestNG.initAndRun(RemoteTestNG.java:251)
	at org.testng.remote.RemoteTestNG.main(RemoteTestNG.java:77)
</pre></div></td>
<td>0</td>
<td>TestSuite.Register@7e6f74c</td></tr>
<tr>
<td title='TestSuite.Register.MODULE4_02()'><b>MODULE4_02</b><br>Test class: TestSuite.Register</td>
<td><div><pre>java.lang.AssertionError: Value is not correct: Expected: &quot;Cảm ơn bạn đã đăng ký nhận thông báo&quot;; Actual: &quot;Cảm ơn bạn đã đăng kí nhận thông tin từ Medica!&quot;
	at Common.Utilities.assertString(Utilities.java:455)
	at Common.Utilities.assertTextValue(Utilities.java:390)
	at Common.Utilities.assertTextValueVisible(Utilities.java:402)
	at CommonScreen.HomeScreen.register(HomeScreen.java:63)
	at TestSuite.Register.MODULE4_02(Register.java:36)
... Removed 26 stack frames</pre></div><a href='#' onClick='toggleBox("stack-trace1317441269", this, "Click to show all stack frames", "Click to hide stack frames")'>Click to show all stack frames</a>
<div class='stack-trace' id='stack-trace1317441269'><pre>java.lang.AssertionError: Value is not correct: Expected: &quot;Cảm ơn bạn đã đăng ký nhận thông báo&quot;; Actual: &quot;Cảm ơn bạn đã đăng kí nhận thông tin từ Medica!&quot;
	at org.testng.Assert.fail(Assert.java:97)
	at Common.Utilities.assertString(Utilities.java:455)
	at Common.Utilities.assertTextValue(Utilities.java:390)
	at Common.Utilities.assertTextValueVisible(Utilities.java:402)
	at CommonScreen.HomeScreen.register(HomeScreen.java:63)
	at TestSuite.Register.MODULE4_02(Register.java:36)
	at java.base/jdk.internal.reflect.NativeMethodAccessorImpl.invoke0(Native Method)
	at java.base/jdk.internal.reflect.NativeMethodAccessorImpl.invoke(NativeMethodAccessorImpl.java:77)
	at java.base/jdk.internal.reflect.DelegatingMethodAccessorImpl.invoke(DelegatingMethodAccessorImpl.java:43)
	at java.base/java.lang.reflect.Method.invoke(Method.java:568)
	at org.testng.internal.MethodInvocationHelper.invokeMethod(MethodInvocationHelper.java:131)
	at org.testng.internal.Invoker.invokeMethod(Invoker.java:687)
	at org.testng.internal.Invoker.invokeTestMethod(Invoker.java:821)
	at org.testng.internal.Invoker.invokeTestMethods(Invoker.java:1128)
	at org.testng.internal.TestMethodWorker.invokeTestMethods(TestMethodWorker.java:140)
	at org.testng.internal.TestMethodWorker.run(TestMethodWorker.java:122)
	at org.testng.TestRunner.privateRun(TestRunner.java:724)
	at org.testng.TestRunner.run(TestRunner.java:574)
	at org.testng.SuiteRunner.runTest(SuiteRunner.java:398)
	at org.testng.SuiteRunner.runSequentially(SuiteRunner.java:392)
	at org.testng.SuiteRunner.privateRun(SuiteRunner.java:354)
	at org.testng.SuiteRunner.run(SuiteRunner.java:302)
	at org.testng.SuiteRunnerWorker.runSuite(SuiteRunnerWorker.java:53)
	at org.testng.SuiteRunnerWorker.run(SuiteRunnerWorker.java:96)
	at org.testng.TestNG.runSuitesSequentially(TestNG.java:1142)
	at org.testng.TestNG.runSuitesLocally(TestNG.java:1064)
	at org.testng.TestNG.runSuites(TestNG.java:994)
	at org.testng.TestNG.run(TestNG.java:962)
	at org.testng.remote.AbstractRemoteTestNG.run(AbstractRemoteTestNG.java:115)
	at org.testng.remote.RemoteTestNG.initAndRun(RemoteTestNG.java:251)
	at org.testng.remote.RemoteTestNG.main(RemoteTestNG.java:77)
</pre></div></td>
<td>0</td>
<td>TestSuite.Register@7e6f74c</td></tr>
<tr>
<td title='TestSuite.Register.MODULE4_03()'><b>MODULE4_03</b><br>Test class: TestSuite.Register</td>
<td><div><pre>java.lang.AssertionError: Value is not correct: Expected: &quot;Cảm ơn bạn đã đăng ký nhận thông báo&quot;; Actual: &quot;Cảm ơn bạn đã đăng kí nhận thông tin từ Medica!&quot;
	at Common.Utilities.assertString(Utilities.java:455)
	at Common.Utilities.assertTextValue(Utilities.java:390)
	at Common.Utilities.assertTextValueVisible(Utilities.java:402)
	at CommonScreen.HomeScreen.register(HomeScreen.java:63)
	at TestSuite.Register.MODULE4_03(Register.java:41)
... Removed 26 stack frames</pre></div><a href='#' onClick='toggleBox("stack-trace893320639", this, "Click to show all stack frames", "Click to hide stack frames")'>Click to show all stack frames</a>
<div class='stack-trace' id='stack-trace893320639'><pre>java.lang.AssertionError: Value is not correct: Expected: &quot;Cảm ơn bạn đã đăng ký nhận thông báo&quot;; Actual: &quot;Cảm ơn bạn đã đăng kí nhận thông tin từ Medica!&quot;
	at org.testng.Assert.fail(Assert.java:97)
	at Common.Utilities.assertString(Utilities.java:455)
	at Common.Utilities.assertTextValue(Utilities.java:390)
	at Common.Utilities.assertTextValueVisible(Utilities.java:402)
	at CommonScreen.HomeScreen.register(HomeScreen.java:63)
	at TestSuite.Register.MODULE4_03(Register.java:41)
	at java.base/jdk.internal.reflect.NativeMethodAccessorImpl.invoke0(Native Method)
	at java.base/jdk.internal.reflect.NativeMethodAccessorImpl.invoke(NativeMethodAccessorImpl.java:77)
	at java.base/jdk.internal.reflect.DelegatingMethodAccessorImpl.invoke(DelegatingMethodAccessorImpl.java:43)
	at java.base/java.lang.reflect.Method.invoke(Method.java:568)
	at org.testng.internal.MethodInvocationHelper.invokeMethod(MethodInvocationHelper.java:131)
	at org.testng.internal.Invoker.invokeMethod(Invoker.java:687)
	at org.testng.internal.Invoker.invokeTestMethod(Invoker.java:821)
	at org.testng.internal.Invoker.invokeTestMethods(Invoker.java:1128)
	at org.testng.internal.TestMethodWorker.invokeTestMethods(TestMethodWorker.java:140)
	at org.testng.internal.TestMethodWorker.run(TestMethodWorker.java:122)
	at org.testng.TestRunner.privateRun(TestRunner.java:724)
	at org.testng.TestRunner.run(TestRunner.java:574)
	at org.testng.SuiteRunner.runTest(SuiteRunner.java:398)
	at org.testng.SuiteRunner.runSequentially(SuiteRunner.java:392)
	at org.testng.SuiteRunner.privateRun(SuiteRunner.java:354)
	at org.testng.SuiteRunner.run(SuiteRunner.java:302)
	at org.testng.SuiteRunnerWorker.runSuite(SuiteRunnerWorker.java:53)
	at org.testng.SuiteRunnerWorker.run(SuiteRunnerWorker.java:96)
	at org.testng.TestNG.runSuitesSequentially(TestNG.java:1142)
	at org.testng.TestNG.runSuitesLocally(TestNG.java:1064)
	at org.testng.TestNG.runSuites(TestNG.java:994)
	at org.testng.TestNG.run(TestNG.java:962)
	at org.testng.remote.AbstractRemoteTestNG.run(AbstractRemoteTestNG.java:115)
	at org.testng.remote.RemoteTestNG.initAndRun(RemoteTestNG.java:251)
	at org.testng.remote.RemoteTestNG.main(RemoteTestNG.java:77)
</pre></div></td>
<td>1</td>
<td>TestSuite.Register@7e6f74c</td></tr>
<tr>
<td title='TestSuite.Register.MODULE4_08()'><b>MODULE4_08</b><br>Test class: TestSuite.Register</td>
<td><div><pre>java.lang.AssertionError: Value is not correct: Expected: &quot;test@gmail.com&quot;; Actual: &quot;  test@gmail.com   &quot;
	at Common.Utilities.assertString(Utilities.java:455)
	at Common.Utilities.assertInputValue(Utilities.java:420)
	at Common.Utilities.inputValueAndValidate(Utilities.java:302)
	at CommonScreen.HomeScreen.register(HomeScreen.java:60)
	at TestSuite.Register.MODULE4_08(Register.java:66)
... Removed 26 stack frames</pre></div><a href='#' onClick='toggleBox("stack-trace1815095837", this, "Click to show all stack frames", "Click to hide stack frames")'>Click to show all stack frames</a>
<div class='stack-trace' id='stack-trace1815095837'><pre>java.lang.AssertionError: Value is not correct: Expected: &quot;test@gmail.com&quot;; Actual: &quot;  test@gmail.com   &quot;
	at org.testng.Assert.fail(Assert.java:97)
	at Common.Utilities.assertString(Utilities.java:455)
	at Common.Utilities.assertInputValue(Utilities.java:420)
	at Common.Utilities.inputValueAndValidate(Utilities.java:302)
	at CommonScreen.HomeScreen.register(HomeScreen.java:60)
	at TestSuite.Register.MODULE4_08(Register.java:66)
	at java.base/jdk.internal.reflect.NativeMethodAccessorImpl.invoke0(Native Method)
	at java.base/jdk.internal.reflect.NativeMethodAccessorImpl.invoke(NativeMethodAccessorImpl.java:77)
	at java.base/jdk.internal.reflect.DelegatingMethodAccessorImpl.invoke(DelegatingMethodAccessorImpl.java:43)
	at java.base/java.lang.reflect.Method.invoke(Method.java:568)
	at org.testng.internal.MethodInvocationHelper.invokeMethod(MethodInvocationHelper.java:131)
	at org.testng.internal.Invoker.invokeMethod(Invoker.java:687)
	at org.testng.internal.Invoker.invokeTestMethod(Invoker.java:821)
	at org.testng.internal.Invoker.invokeTestMethods(Invoker.java:1128)
	at org.testng.internal.TestMethodWorker.invokeTestMethods(TestMethodWorker.java:140)
	at org.testng.internal.TestMethodWorker.run(TestMethodWorker.java:122)
	at org.testng.TestRunner.privateRun(TestRunner.java:724)
	at org.testng.TestRunner.run(TestRunner.java:574)
	at org.testng.SuiteRunner.runTest(SuiteRunner.java:398)
	at org.testng.SuiteRunner.runSequentially(SuiteRunner.java:392)
	at org.testng.SuiteRunner.privateRun(SuiteRunner.java:354)
	at org.testng.SuiteRunner.run(SuiteRunner.java:302)
	at org.testng.SuiteRunnerWorker.runSuite(SuiteRunnerWorker.java:53)
	at org.testng.SuiteRunnerWorker.run(SuiteRunnerWorker.java:96)
	at org.testng.TestNG.runSuitesSequentially(TestNG.java:1142)
	at org.testng.TestNG.runSuitesLocally(TestNG.java:1064)
	at org.testng.TestNG.runSuites(TestNG.java:994)
	at org.testng.TestNG.run(TestNG.java:962)
	at org.testng.remote.AbstractRemoteTestNG.run(AbstractRemoteTestNG.java:115)
	at org.testng.remote.RemoteTestNG.initAndRun(RemoteTestNG.java:251)
	at org.testng.remote.RemoteTestNG.main(RemoteTestNG.java:77)
</pre></div></td>
<td>0</td>
<td>TestSuite.Register@7e6f74c</td></tr>
</table><p>
<table width='100%' border='1' class='invocation-passed'>
<tr><td colspan='4' align='center'><b>PASSED TESTS</b></td></tr>
<tr><td><b>Test method</b></td>
<td width="30%"><b>Exception</b></td>
<td width="10%"><b>Time (seconds)</b></td>
<td><b>Instance</b></td>
</tr>
<tr>
<td title='TestSuite.Register.MODULE4_04()'><b>MODULE4_04</b><br>Test class: TestSuite.Register</td>
<td></td>
<td>0</td>
<td>TestSuite.Register@7e6f74c</td></tr>
<tr>
<td title='TestSuite.Register.MODULE4_05()'><b>MODULE4_05</b><br>Test class: TestSuite.Register</td>
<td></td>
<td>0</td>
<td>TestSuite.Register@7e6f74c</td></tr>
<tr>
<td title='TestSuite.Register.MODULE4_06()'><b>MODULE4_06</b><br>Test class: TestSuite.Register</td>
<td></td>
<td>1</td>
<td>TestSuite.Register@7e6f74c</td></tr>
<tr>
<td title='TestSuite.Register.MODULE4_07()'><b>MODULE4_07</b><br>Test class: TestSuite.Register</td>
<td></td>
<td>0</td>
<td>TestSuite.Register@7e6f74c</td></tr>
</table><p>
</body>
</html>